2026-04-13 15:11:53,624 [INFO] flats: Application sent:
4-Zimmer-Wohnung in Friedrichshain
zip code: 10249
flat size: 94.7
rooms: 4.0
property attributes: bad mit wanne, aufzug, balkon
hash: e780262dcc4ca3482f3530f5603048654ab2bea3f5d9d5b8d9082c4f9a6602c8

2026-04-14 16:37:59,481 [INFO] flats: Application sent:
2-Zimmer-Wohnung in Friedrichshain
zip code: 10247
flat size: 50.75
rooms: 2.0
property attributes: bad mit dusche, bad mit fenster, abstellraum
hash: eefa6e8d675d3a620d40a3ad5bb9227b0d0831095afdab080931440ec05ddfa4

2026-04-15 19:51:48,809 [INFO] flats: Application sent:
3-Zimmer-Wohnung in Friedrichshain
zip code: 10245
flat size: 57.84
rooms: 3.0
property attributes: bad mit wanne, bad mit fenster, balkon, abstellraum
hash: f74a306437e7ce77080e5251548fe0d35e4978562f18e6defdad686b54785927

2026-04-16 15:47:48,045 [INFO] flats: Application sent:
2-Zimmer-Wohnung in Friedrichshain mit WBS 160/140/100
zip code: 10247
flat size: 44.97
rooms: 2.0
property attributes: bad mit dusche, aufzug, einbauküche, balkon, wbs, abstellraum
hash: aa1515c6c6a874b584e8c868d5ec345f764b8190ca85f6d5feccab70df98cd50

